<?xml version="1.0" encoding="UTF-8"?>
<!-- Generated by org.testng.reporters.JUnitReportReporter -->
<testsuite hostname="DESKTOP-99N73JI" failures="0" tests="1" name="p6.p6.browser" time="15.507" errors="0" timestamp="01 Feb 2021 10:35:39 GMT" skipped="0">
  <testcase classname="p6.p6.browser" name="launchbrowser" time="15.507"/>
</testsuite> <!-- p6.p6.browser -->
